==== Experiment ====
datetime: 2025-08-07 19:44:00
checkpoint_folder: ./outputs/myTrain/train_ucf101_BrushingTeeth-short
prompt: A young girl with long blonde hair is applying lipstick to her lips in a bathroom.
noise_prior: 0.5
output_dir: ./outputs/inference/BrushingTeeth/noise0.5
==== End ====

==== Experiment ====
datetime: 2025-08-07 19:45:04
checkpoint_folder: ./outputs/myTrain/train_ucf101_BrushingTeeth-short
prompt: A crystal skeleton is brushing its teeth in a bathroom.
noise_prior: 0.5
output_dir: ./outputs/inference/BrushingTeeth/noise0.5
==== End ====

==== Experiment ====
datetime: 2025-08-07 19:45:26
checkpoint_folder: ./outputs/myTrain/train_ucf101_BrushingTeeth-short
prompt: A young girl with long blonde hair is brushing her teeth at Heathrow Airport.
noise_prior: 0.5
output_dir: ./outputs/inference/BrushingTeeth/noise0.5
==== End ====

