==== Experiment ====
datetime: 2025-08-07 19:24:10
checkpoint_folder: ./outputs/myTrain/train_ucf101_HandstandWalking-short
prompt: An athletic person does a yoga pose on a grassy hill under a vast blue sky.
noise_prior: 0.3
output_dir: ./outputs/inference/HandstandWalking/noise0.3
==== End ====

==== Experiment ====
datetime: 2025-08-07 19:24:50
checkpoint_folder: ./outputs/myTrain/train_ucf101_HandstandWalking-short
prompt: A silver robot holds a steady handstand on a grassy hill under a vast blue sky.
noise_prior: 0.3
output_dir: ./outputs/inference/HandstandWalking/noise0.3
==== End ====

==== Experiment ====
datetime: 2025-08-07 19:25:30
checkpoint_folder: ./outputs/myTrain/train_ucf101_HandstandWalking-short
prompt: An athletic person holds a steady handstand on a sandy beach under a few white cloud sky.
noise_prior: 0.3
output_dir: ./outputs/inference/HandstandWalking/noise0.3
==== End ====

