==== Experiment ====
datetime: 2025-08-07 19:14:51
checkpoint_folder: ./outputs/myTrain/train_ucf101_SkateBoarding-short
prompt: A skater with a red backpack is handstand walking on a paved road next to a snowy mountain.
noise_prior: 0.3
output_dir: ./outputs/inference/SkateBoarding/noise0.3
==== End ====

==== Experiment ====
datetime: 2025-08-07 19:15:55
checkpoint_folder: ./outputs/myTrain/train_ucf101_SkateBoarding-short
prompt: An emperor penguin with a red backpack is carving on a paved road next to a snowy mountain.
noise_prior: 0.3
output_dir: ./outputs/inference/SkateBoarding/noise0.3
==== End ====

==== Experiment ====
datetime: 2025-08-07 19:16:59
checkpoint_folder: ./outputs/myTrain/train_ucf101_SkateBoarding-short
prompt: A skater with a red backpack is carving on a paved road in front of Tokyo Skytree.
noise_prior: 0.3
output_dir: ./outputs/inference/SkateBoarding/noise0.3
==== End ====

