==== Experiment ====
datetime: 2025-08-07 19:06:18
checkpoint_folder: ./outputs/myTrain/train_ucf101_HorseRiding-short
prompt: A rider on horseback jumps over fences in a sandy arena with trees and hills.
noise_prior: 0.3
output_dir: ./outputs/inference/HorseRiding/noise0.3
==== End ====

==== Experiment ====
datetime: 2025-08-07 19:07:22
checkpoint_folder: ./outputs/myTrain/train_ucf101_HorseRiding-short
prompt: A man riding a zebra navigates an obstacle course in a sandy arena with trees and hills.
noise_prior: 0.3
output_dir: ./outputs/inference/HorseRiding/noise0.3
==== End ====

==== Experiment ====
datetime: 2025-08-07 19:07:40
checkpoint_folder: ./outputs/myTrain/train_ucf101_HorseRiding-short
prompt: A rider on horseback navigates an obstacle course on the Moon, with Earth visible in the sky.
noise_prior: 0.3
output_dir: ./outputs/inference/HorseRiding/noise0.3
==== End ====

