==== Experiment ====
datetime: 2025-08-07 19:26:11
checkpoint_folder: ./outputs/myTrain/train_ucf101_HandstandWalking-short
prompt: An athletic person does a yoga pose on a grassy hill under a vast blue sky.
noise_prior: 0.5
output_dir: ./outputs/inference/HandstandWalking/noise0.5
==== End ====

==== Experiment ====
datetime: 2025-08-07 19:27:15
checkpoint_folder: ./outputs/myTrain/train_ucf101_HandstandWalking-short
prompt: A silver robot holds a steady handstand on a grassy hill under a vast blue sky.
noise_prior: 0.5
output_dir: ./outputs/inference/HandstandWalking/noise0.5
==== End ====

==== Experiment ====
datetime: 2025-08-07 19:28:19
checkpoint_folder: ./outputs/myTrain/train_ucf101_HandstandWalking-short
prompt: An athletic person holds a steady handstand on a sandy beach under a few white cloud sky.
noise_prior: 0.5
output_dir: ./outputs/inference/HandstandWalking/noise0.5
==== End ====

