==== Experiment ====
datetime: 2025-08-07 17:49:52
checkpoint_folder: ./outputs/myTrain/train_ucf101_ApplyEyeMakeup-short
prompt: A focused woman carefully applies face cream with gentle motions in her bathroom.
noise_prior: 0.5
output_dir: ./outputs/inference/ApplyEyeMakeup/noise0.5
==== End ====

==== Experiment ====
datetime: 2025-08-07 17:50:19
checkpoint_folder: ./outputs/myTrain/train_ucf101_ApplyEyeMakeup-short
prompt: A small robot carefully applies eyeliner with a thin brush in her bathroom.
noise_prior: 0.5
output_dir: ./outputs/inference/ApplyEyeMakeup/noise0.5
==== End ====

==== Experiment ====
datetime: 2025-08-07 17:51:22
checkpoint_folder: ./outputs/myTrain/train_ucf101_ApplyEyeMakeup-short
prompt: A focused woman carefully applies eyeliner with a thin brush during a train journey.
noise_prior: 0.5
output_dir: ./outputs/inference/ApplyEyeMakeup/noise0.5
==== End ====

