==== Experiment ====
datetime: 2025-08-07 19:35:47
checkpoint_folder: ./outputs/myTrain/train_ucf101_Fencing-short
prompt: Two focused fencers practice footwork on a strip inside a large sports hall.
noise_prior: 0.5
output_dir: ./outputs/inference/Fencing/noise0.5
==== End ====

==== Experiment ====
datetime: 2025-08-07 19:36:52
checkpoint_folder: ./outputs/myTrain/train_ucf101_Fencing-short
prompt: Two focused women in kimonos duel on a strip inside a large sports hall.
noise_prior: 0.5
output_dir: ./outputs/inference/Fencing/noise0.5
==== End ====

==== Experiment ====
datetime: 2025-08-07 19:37:56
checkpoint_folder: ./outputs/myTrain/train_ucf101_Fencing-short
prompt: Two focused fencers in white uniforms duel on a strip inside a business office.
noise_prior: 0.5
output_dir: ./outputs/inference/Fencing/noise0.5
==== End ====

