==== Experiment ====
datetime: 2025-08-07 18:43:02
checkpoint_folder: ./outputs/myTrain/train_ucf101_CleanAndJerk-short
prompt: A strong man does jumping jacks with perfect form in a gym.
noise_prior: 0.5
output_dir: ./outputs/inference/CleanAndJerk/noise0.5
==== End ====

==== Experiment ====
datetime: 2025-08-07 18:44:06
checkpoint_folder: ./outputs/myTrain/train_ucf101_CleanAndJerk-short
prompt: A muscular alien performs an impressive snatch, lifting a heavy barbell overhead in a gym.
noise_prior: 0.5
output_dir: ./outputs/inference/CleanAndJerk/noise0.5
==== End ====

==== Experiment ====
datetime: 2025-08-07 18:45:10
checkpoint_folder: ./outputs/myTrain/train_ucf101_CleanAndJerk-short
prompt: A strong man performs an impressive snatch, lifting a heavy barbell overhead in front of Buckingham Palace.
noise_prior: 0.5
output_dir: ./outputs/inference/CleanAndJerk/noise0.5
==== End ====

