==== Experiment ====
datetime: 2025-08-07 17:46:40
checkpoint_folder: ./outputs/myTrain/train_ucf101_ApplyEyeMakeup-short
prompt: A focused woman carefully applies face cream with gentle motions in her bathroom.
noise_prior: 0.3
output_dir: ./outputs/inference/ApplyEyeMakeup/noise0.3
==== End ====

==== Experiment ====
datetime: 2025-08-07 17:47:44
checkpoint_folder: ./outputs/myTrain/train_ucf101_ApplyEyeMakeup-short
prompt: A small robot carefully applies eyeliner with a thin brush in her bathroom.
noise_prior: 0.3
output_dir: ./outputs/inference/ApplyEyeMakeup/noise0.3
==== End ====

==== Experiment ====
datetime: 2025-08-07 17:48:48
checkpoint_folder: ./outputs/myTrain/train_ucf101_ApplyEyeMakeup-short
prompt: A focused woman carefully applies eyeliner with a thin brush during a train journey.
noise_prior: 0.3
output_dir: ./outputs/inference/ApplyEyeMakeup/noise0.3
==== End ====

