==== Experiment ====
datetime: 2025-08-07 17:55:39
checkpoint_folder: ./outputs/myTrain/train_ucf101_RockClimbingIndoor-short
prompt: A climber leaps across holds on an indoor climbing wall with a follow cinematic shot.
noise_prior: 0.3
output_dir: ./outputs/inference/RockClimbingIndoor/noise0.3
==== End ====

==== Experiment ====
datetime: 2025-08-07 17:56:43
checkpoint_folder: ./outputs/myTrain/train_ucf101_RockClimbingIndoor-short
prompt: A woman in a maid's costume ascends a challenging indoor climbing wall with a follow cinematic shot.
noise_prior: 0.3
output_dir: ./outputs/inference/RockClimbingIndoor/noise0.3
==== End ====

==== Experiment ====
datetime: 2025-08-07 17:57:47
checkpoint_folder: ./outputs/myTrain/train_ucf101_RockClimbingIndoor-short
prompt: A climber ascends a challenging ice wall with a follow cinematic shot.
noise_prior: 0.3
output_dir: ./outputs/inference/RockClimbingIndoor/noise0.3
==== End ====

