==== Experiment ====
datetime: 2025-08-07 17:52:26
checkpoint_folder: ./outputs/myTrain/train_ucf101_RockClimbingIndoor-short
prompt: A climber leaps across holds on an indoor climbing wall with a follow cinematic shot.
noise_prior: 0.1
output_dir: ./outputs/inference/RockClimbingIndoor/noise0.1
==== End ====

==== Experiment ====
datetime: 2025-08-07 17:53:30
checkpoint_folder: ./outputs/myTrain/train_ucf101_RockClimbingIndoor-short
prompt: A woman in a maid's costume ascends a challenging indoor climbing wall with a follow cinematic shot.
noise_prior: 0.1
output_dir: ./outputs/inference/RockClimbingIndoor/noise0.1
==== End ====

==== Experiment ====
datetime: 2025-08-07 17:54:35
checkpoint_folder: ./outputs/myTrain/train_ucf101_RockClimbingIndoor-short
prompt: A climber ascends a challenging ice wall with a follow cinematic shot.
noise_prior: 0.1
output_dir: ./outputs/inference/RockClimbingIndoor/noise0.1
==== End ====

