==== Experiment ====
datetime: 2025-08-07 19:29:23
checkpoint_folder: ./outputs/myTrain/train_ucf101_Fencing-short
prompt: Two focused fencers practice footwork on a strip inside a large sports hall.
noise_prior: 0.1
output_dir: ./outputs/inference/Fencing/noise0.1
==== End ====

==== Experiment ====
datetime: 2025-08-07 19:30:27
checkpoint_folder: ./outputs/myTrain/train_ucf101_Fencing-short
prompt: Two focused women in kimonos duel on a strip inside a large sports hall.
noise_prior: 0.1
output_dir: ./outputs/inference/Fencing/noise0.1
==== End ====

==== Experiment ====
datetime: 2025-08-07 19:31:31
checkpoint_folder: ./outputs/myTrain/train_ucf101_Fencing-short
prompt: Two focused fencers in white uniforms duel on a strip inside a business office.
noise_prior: 0.1
output_dir: ./outputs/inference/Fencing/noise0.1
==== End ====

