==== Experiment ====
datetime: 2025-08-07 18:53:36
checkpoint_folder: ./outputs/myTrain/train_ucf101_GolfSwing-short
prompt: A man is practising his football dribble on the green front lawn of a brick house.
noise_prior: 0.1
output_dir: ./outputs/inference/GolfSwing/noise0.1
==== End ====

==== Experiment ====
datetime: 2025-08-07 18:54:40
checkpoint_folder: ./outputs/myTrain/train_ucf101_GolfSwing-short
prompt: A wizard is practising his golf swing on the green front lawn of a brick house.
noise_prior: 0.1
output_dir: ./outputs/inference/GolfSwing/noise0.1
==== End ====

==== Experiment ====
datetime: 2025-08-07 18:55:44
checkpoint_folder: ./outputs/myTrain/train_ucf101_GolfSwing-short
prompt: A man is practising his golf swing in Times Square New York.
noise_prior: 0.1
output_dir: ./outputs/inference/GolfSwing/noise0.1
==== End ====

