==== Experiment ====
datetime: 2025-08-07 19:18:03
checkpoint_folder: ./outputs/myTrain/train_ucf101_SkateBoarding-short
prompt: A skater with a red backpack is handstand walking on a paved road next to a snowy mountain.
noise_prior: 0.5
output_dir: ./outputs/inference/SkateBoarding/noise0.5
==== End ====

==== Experiment ====
datetime: 2025-08-07 19:19:07
checkpoint_folder: ./outputs/myTrain/train_ucf101_SkateBoarding-short
prompt: An emperor penguin with a red backpack is carving on a paved road next to a snowy mountain.
noise_prior: 0.5
output_dir: ./outputs/inference/SkateBoarding/noise0.5
==== End ====

==== Experiment ====
datetime: 2025-08-07 19:19:53
checkpoint_folder: ./outputs/myTrain/train_ucf101_SkateBoarding-short
prompt: A skater with a red backpack is carving on a paved road in front of Tokyo Skytree.
noise_prior: 0.5
output_dir: ./outputs/inference/SkateBoarding/noise0.5
==== End ====

