==== Experiment ====
datetime: 2025-08-07 18:56:49
checkpoint_folder: ./outputs/myTrain/train_ucf101_GolfSwing-short
prompt: A man is practising his football dribble on the green front lawn of a brick house.
noise_prior: 0.3
output_dir: ./outputs/inference/GolfSwing/noise0.3
==== End ====

==== Experiment ====
datetime: 2025-08-07 18:57:53
checkpoint_folder: ./outputs/myTrain/train_ucf101_GolfSwing-short
prompt: A wizard is practising his golf swing on the green front lawn of a brick house.
noise_prior: 0.3
output_dir: ./outputs/inference/GolfSwing/noise0.3
==== End ====

==== Experiment ====
datetime: 2025-08-07 18:58:57
checkpoint_folder: ./outputs/myTrain/train_ucf101_GolfSwing-short
prompt: A man is practising his golf swing in Times Square New York.
noise_prior: 0.3
output_dir: ./outputs/inference/GolfSwing/noise0.3
==== End ====

