==== Experiment ====
datetime: 2025-08-07 19:32:35
checkpoint_folder: ./outputs/myTrain/train_ucf101_Fencing-short
prompt: Two focused fencers practice footwork on a strip inside a large sports hall.
noise_prior: 0.3
output_dir: ./outputs/inference/Fencing/noise0.3
==== End ====

==== Experiment ====
datetime: 2025-08-07 19:33:39
checkpoint_folder: ./outputs/myTrain/train_ucf101_Fencing-short
prompt: Two focused women in kimonos duel on a strip inside a large sports hall.
noise_prior: 0.3
output_dir: ./outputs/inference/Fencing/noise0.3
==== End ====

==== Experiment ====
datetime: 2025-08-07 19:34:43
checkpoint_folder: ./outputs/myTrain/train_ucf101_Fencing-short
prompt: Two focused fencers in white uniforms duel on a strip inside a business office.
noise_prior: 0.3
output_dir: ./outputs/inference/Fencing/noise0.3
==== End ====

